<?xml version="1.0" encoding="UTF-8"?>
<!-- Generated by org.testng.reporters.JUnitReportReporter -->
<testsuite skipped="0" hostname="CWPI102699" name="tests.TestsOnLocalAPI" tests="1" failures="0" timestamp="2021-07-26T22:20:41 MDT" time="0.907" errors="0">
  <testcase name="post" time="0.907" classname="tests.TestsOnLocalAPI"/>
  <system-out/>
</testsuite> <!-- tests.TestsOnLocalAPI -->
