<?xml version="1.0" encoding="UTF-8"?>
<!-- Generated by org.testng.reporters.JUnitReportReporter -->
<testsuite skipped="0" hostname="CWPI102699" name="tests.GetandPostExamples" tests="1" failures="0" timestamp="2021-07-26T21:09:09 MDT" time="0.007" errors="0">
  <testcase name="testPost" time="0.007" classname="tests.GetandPostExamples"/>
  <system-out/>
</testsuite> <!-- tests.GetandPostExamples -->
