<?xml version="1.0" encoding="UTF-8"?>
<!-- Generated by org.testng.reporters.JUnitReportReporter -->
<testsuite skipped="0" hostname="CWPI102699" name="tests.JSONSchemaValidator" tests="1" failures="0" timestamp="2021-07-26T22:48:15 MDT" time="1.224" errors="0">
  <testcase name="get" time="1.224" classname="tests.JSONSchemaValidator"/>
  <system-out/>
</testsuite> <!-- tests.JSONSchemaValidator -->
